<?xml version="1.0" encoding="UTF-8"?>
<testng-results total="1" passed="1" failed="0" skipped="0">
  <reporter-output>
  </reporter-output>
  <suite started-at="2023-12-21T09:44:44Z" name="Default suite" finished-at="2023-12-21T09:44:58Z" duration-ms="14378">
    <groups>
    </groups>
    <test started-at="2023-12-21T09:44:44Z" name="Default test" finished-at="2023-12-21T09:44:58Z" duration-ms="14378">
      <class name="Pom_test.ProductTest">
        <test-method signature="verifyLogin()[pri:0, instance:Pom_test.ProductTest@7048535f]" started-at="2023-12-21T15:14:44Z" name="verifyLogin" finished-at="2023-12-21T15:14:58Z" duration-ms="14352" status="PASS">
          <reporter-output>
          </reporter-output>
        </test-method> <!-- verifyLogin -->
      </class> <!-- Pom_test.ProductTest -->
    </test> <!-- Default test -->
  </suite> <!-- Default suite -->
</testng-results>
